info it worked if it ends with ok
verbose cli [ 'node',
verbose cli   '/home/bitnami/local/node/bin/npm',
verbose cli   'install',
verbose cli   'contextify',
verbose cli   '-g' ]
info using npm@1.0.27
info using node@v0.5.6-pre
verbose config file /home/bitnami/.npmrc
verbose config file /home/bitnami/local/node/etc/npmrc
verbose into /home/bitnami/local/node/lib [ 'contextify' ]
verbose cache add contextify
verbose cache add [ 'contextify', null ]
silly cache add: name, spec, args [ undefined, 'contextify', [ 'contextify', null ] ]
verbose parsed url { pathname: 'contextify', href: 'contextify' }
info addNamed [ 'contextify', '' ]
verbose addNamed [ null, '' ]
verbose GET contextify
verbose raw, before any munging contextify
verbose url resolving [ 'https://registry.npmjs.org/', './contextify' ]
verbose url resolved https://registry.npmjs.org/contextify
verbose url parsed { protocol: 'https:',
verbose url parsed   slashes: true,
verbose url parsed   host: 'registry.npmjs.org',
verbose url parsed   hostname: 'registry.npmjs.org',
verbose url parsed   href: 'https://registry.npmjs.org/contextify',
verbose url parsed   pathname: '/contextify' }
verbose etag "F3JFIHCXF2VBVL52M8QOBBP7I"
verbose response https://registry.npmjs.org/contextify
silly get cb [ 304,
silly get cb   { server: 'CouchDB/1.1.0 (Erlang OTP/R14B03)',
silly get cb     etag: '"F3JFIHCXF2VBVL52M8QOBBP7I"',
silly get cb     date: 'Wed, 07 Sep 2011 20:13:14 GMT',
silly get cb     'content-length': '0' } ]
verbose etag contextify from cache
verbose GET contextify/0.0.5
verbose raw, before any munging contextify/0.0.5
verbose url resolving [ 'https://registry.npmjs.org/',
verbose url resolving   './contextify/0.0.5' ]
verbose url resolved https://registry.npmjs.org/contextify/0.0.5
verbose url parsed { protocol: 'https:',
verbose url parsed   slashes: true,
verbose url parsed   host: 'registry.npmjs.org',
verbose url parsed   hostname: 'registry.npmjs.org',
verbose url parsed   href: 'https://registry.npmjs.org/contextify/0.0.5',
verbose url parsed   pathname: '/contextify/0.0.5' }
verbose etag "F3JFIHCXF2VBVL52M8QOBBP7I"
verbose response https://registry.npmjs.org/contextify/0.0.5
silly get cb [ 304,
silly get cb   { server: 'CouchDB/1.1.0 (Erlang OTP/R14B03)',
silly get cb     etag: '"F3JFIHCXF2VBVL52M8QOBBP7I"',
silly get cb     date: 'Wed, 07 Sep 2011 20:13:20 GMT',
silly get cb     'content-length': '0' } ]
verbose etag contextify/0.0.5 from cache
verbose bin dist [ null,
verbose bin dist   { shasum: '3d59e4c405ea7878bdf29ce1fa37f9cb154f1554',
verbose bin dist     tarball: 'http://registry.npmjs.org/contextify/-/contextify-0.0.5.tgz' } ]
verbose has wscript [ undefined,
verbose has wscript   { file: '/home/bitnami/.npm/contextify/0.0.5/package/package.json',
verbose has wscript     contributors: false,
verbose has wscript     serverjs: false,
verbose has wscript     wscript: true } ]
silly testEngine { author: 
silly testEngine    { name: 'Brian McDaniel',
silly testEngine      email: 'brianmcd05@gmail.com' },
silly testEngine   name: 'contextify',
silly testEngine   description: 'Turn an object into a persistent execution context.',
silly testEngine   keywords: [ 'context', 'vm' ],
silly testEngine   version: '0.0.5',
silly testEngine   repository: 
silly testEngine    { type: 'git',
silly testEngine      url: 'git://github.com/brianmcd/contextify.git' },
silly testEngine   main: './lib/contextify.js',
silly testEngine   directories: { lib: './lib' },
silly testEngine   engines: { node: '>=0.4.0' },
silly testEngine   licenses: 
silly testEngine    [ { type: 'MIT',
silly testEngine        url: 'http://github.com/brianmcd/contextify/blob/master/LICENSE.txt' } ],
silly testEngine   dependencies: {},
silly testEngine   devDependencies: { nodeunit: '>=0.5.x' },
silly testEngine   _npmJsonOpts: 
silly testEngine    { file: '/home/bitnami/.npm/contextify/0.0.5/package/package.json',
silly testEngine      contributors: false,
silly testEngine      serverjs: false,
silly testEngine      wscript: true },
silly testEngine   _id: 'contextify@0.0.5',
silly testEngine   scripts: { preinstall: 'node-waf clean || true; node-waf configure build' },
silly testEngine   _engineSupported: true,
silly testEngine   _npmVersion: '1.0.27',
silly testEngine   _nodeVersion: 'v0.5.6-pre',
silly testEngine   _defaultsLoaded: true }
verbose caching /home/bitnami/.npm/contextify/0.0.5/package/package.json
verbose loadDefaults contextify@0.0.5
silly resolved [ { author: 
silly resolved      { name: 'Brian McDaniel',
silly resolved        email: 'brianmcd05@gmail.com' },
silly resolved     name: 'contextify',
silly resolved     description: 'Turn an object into a persistent execution context.',
silly resolved     keywords: [ 'context', 'vm' ],
silly resolved     version: '0.0.5',
silly resolved     repository: 
silly resolved      { type: 'git',
silly resolved        url: 'git://github.com/brianmcd/contextify.git' },
silly resolved     main: './lib/contextify.js',
silly resolved     directories: { lib: './lib' },
silly resolved     engines: { node: '>=0.4.0' },
silly resolved     licenses: 
silly resolved      [ { type: 'MIT',
silly resolved          url: 'http://github.com/brianmcd/contextify/blob/master/LICENSE.txt' } ],
silly resolved     dependencies: {},
silly resolved     devDependencies: { nodeunit: '>=0.5.x' },
silly resolved     _npmJsonOpts: 
silly resolved      { file: '/home/bitnami/.npm/contextify/0.0.5/package/package.json',
silly resolved        contributors: false,
silly resolved        serverjs: false,
silly resolved        wscript: true },
silly resolved     _id: 'contextify@0.0.5',
silly resolved     scripts: { preinstall: 'node-waf clean || true; node-waf configure build' },
silly resolved     _engineSupported: true,
silly resolved     _npmVersion: '1.0.27',
silly resolved     _nodeVersion: 'v0.5.6-pre',
silly resolved     _defaultsLoaded: true } ]
info into /home/bitnami/local/node/lib contextify@0.0.5
info installOne contextify@0.0.5
info unbuild /home/bitnami/local/node/lib/node_modules/contextify
verbose from cache /home/bitnami/.npm/contextify/0.0.5/package/package.json
verbose mkdir (expected) error ENOENT, No such file or directory '/home/bitnami/local/node/lib/node_modules/___contextify.npm'
verbose mkdir done: /home/bitnami/local/node/lib/node_modules/___contextify.npm 755
verbose unpack_ uid, gid [ undefined, undefined ]
verbose unpackTarget /home/bitnami/local/node/lib/node_modules/contextify
silly gunzTarPerm modes [ '755', '644' ]
verbose success gzip "--decompress" "--stdout" "/home/bitnami/.npm/contextify/0.0.5/package.tgz"
verbose success tar "-mvxpf" "-" "-o" "-C" "/home/bitnami/local/node/lib/node_modules/___contextify.npm"
silly asyncMap in gTP /home/bitnami/local/node/lib/node_modules/___contextify.npm/package/
silly asyncMap in gTP /home/bitnami/local/node/lib/node_modules/___contextify.npm/package/.gitignore
silly asyncMap in gTP /home/bitnami/local/node/lib/node_modules/___contextify.npm/package/LICENSE.txt
silly asyncMap in gTP /home/bitnami/local/node/lib/node_modules/___contextify.npm/package/README.md
silly asyncMap in gTP /home/bitnami/local/node/lib/node_modules/___contextify.npm/package/wscript
silly asyncMap in gTP /home/bitnami/local/node/lib/node_modules/___contextify.npm/package/package.json
silly asyncMap in gTP /home/bitnami/local/node/lib/node_modules/___contextify.npm/package/src/
silly asyncMap in gTP /home/bitnami/local/node/lib/node_modules/___contextify.npm/package/src/contextify.cc
silly asyncMap in gTP /home/bitnami/local/node/lib/node_modules/___contextify.npm/package/test/
silly asyncMap in gTP /home/bitnami/local/node/lib/node_modules/___contextify.npm/package/test/contextify.js
silly asyncMap in gTP /home/bitnami/local/node/lib/node_modules/___contextify.npm/package/lib/
silly asyncMap in gTP /home/bitnami/local/node/lib/node_modules/___contextify.npm/package/lib/contextify.js
verbose gunzed /home/bitnami/local/node/lib/node_modules/___contextify.npm/package
verbose rm'ed /home/bitnami/local/node/lib/node_modules/contextify
verbose renamed [ '/home/bitnami/local/node/lib/node_modules/___contextify.npm/package',
verbose renamed   '/home/bitnami/local/node/lib/node_modules/contextify' ]
verbose has wscript [ undefined,
verbose has wscript   { file: '/home/bitnami/local/node/lib/node_modules/contextify/package.json',
verbose has wscript     contributors: false,
verbose has wscript     serverjs: false,
verbose has wscript     wscript: true } ]
silly testEngine { author: 
silly testEngine    { name: 'Brian McDaniel',
silly testEngine      email: 'brianmcd05@gmail.com' },
silly testEngine   name: 'contextify',
silly testEngine   description: 'Turn an object into a persistent execution context.',
silly testEngine   keywords: [ 'context', 'vm' ],
silly testEngine   version: '0.0.5',
silly testEngine   repository: 
silly testEngine    { type: 'git',
silly testEngine      url: 'git://github.com/brianmcd/contextify.git' },
silly testEngine   main: './lib/contextify.js',
silly testEngine   directories: { lib: './lib' },
silly testEngine   engines: { node: '>=0.4.0' },
silly testEngine   licenses: 
silly testEngine    [ { type: 'MIT',
silly testEngine        url: 'http://github.com/brianmcd/contextify/blob/master/LICENSE.txt' } ],
silly testEngine   dependencies: {},
silly testEngine   devDependencies: { nodeunit: '>=0.5.x' },
silly testEngine   _npmJsonOpts: 
silly testEngine    { file: '/home/bitnami/local/node/lib/node_modules/contextify/package.json',
silly testEngine      contributors: false,
silly testEngine      serverjs: false,
silly testEngine      wscript: true },
silly testEngine   _id: 'contextify@0.0.5',
silly testEngine   scripts: { preinstall: 'node-waf clean || true; node-waf configure build' },
silly testEngine   _engineSupported: true,
silly testEngine   _npmVersion: '1.0.27',
silly testEngine   _nodeVersion: 'v0.5.6-pre',
silly testEngine   _defaultsLoaded: true }
verbose caching /home/bitnami/local/node/lib/node_modules/contextify/package.json
verbose loadDefaults contextify@0.0.5
info preinstall contextify@0.0.5
verbose unsafe-perm in lifecycle true
silly exec sh "-c" "node-waf clean || true; node-waf configure build"
info contextify@0.0.5 Failed to exec preinstall script
ERR! error installing contextify@0.0.5 Error: contextify@0.0.5 preinstall: `node-waf clean || true; node-waf configure build`
ERR! error installing contextify@0.0.5 `sh "-c" "node-waf clean || true; node-waf configure build"` failed with 1
ERR! error installing contextify@0.0.5     at ChildProcess.<anonymous> (/home/bitnami/local/node/lib/node_modules/npm/lib/utils/exec.js:49:20)
ERR! error installing contextify@0.0.5     at ChildProcess.emit (events.js:70:17)
ERR! error installing contextify@0.0.5     at maybeExit (child_process_uv.js:226:16)
ERR! error installing contextify@0.0.5     at Process.onexit (child_process_uv.js:261:5)
info unbuild /home/bitnami/local/node/lib/node_modules/contextify
verbose from cache /home/bitnami/local/node/lib/node_modules/contextify/package.json
info preuninstall contextify@0.0.5
info uninstall contextify@0.0.5
verbose unbuild contextify@0.0.5 [ true,
verbose unbuild contextify@0.0.5   '/home/bitnami/local/node/lib/node_modules',
verbose unbuild contextify@0.0.5   '/home/bitnami/local/node/lib/node_modules' ]
info postuninstall contextify@0.0.5
verbose installOne cb contextify@0.0.5
ERR! contextify@0.0.5 preinstall: `node-waf clean || true; node-waf configure build`
ERR! `sh "-c" "node-waf clean || true; node-waf configure build"` failed with 1
ERR! 
ERR! Failed at the contextify@0.0.5 preinstall script.
ERR! This is most likely a problem with the contextify package,
ERR! not with npm itself.
ERR! Tell the author that this fails on your system:
ERR!     node-waf clean || true; node-waf configure build
ERR! You can get their info via:
ERR!     npm owner ls contextify
ERR! There is likely additional logging output above.
ERR! 
ERR! System Linux 2.6.35-28-virtual
ERR! command "node" "/home/bitnami/local/node/bin/npm" "install" "contextify" "-g"
ERR! cwd /home/bitnami/dev
ERR! node -v v0.5.6-pre
ERR! npm -v 1.0.27
verbose exit [ 1, true ]
