Server running at http://maxvm2.goip.ru:8087/
processing emboss
Image proccess [emboss]  step 1 success
processing blur
Image proccess [blur]  step 0 success
processing emboss
Image proccess [emboss]  step 1 success
processing blur
Image proccess [blur]  step 0 success
processing emboss
Image proccess [emboss]  step 1 success
processing blur
Image proccess [blur]  step 0 success
processing emboss
Image proccess [emboss]  step 1 success
processing blur
Image proccess [blur]  step 0 success
processing negative
Image proccess [negative]  step 2 success
processing implode
Image proccess [implode]  step 1 success
processing emboss
Image proccess [emboss]  step 0 success
processing implode
Image proccess [implode]  step 1 success
processing enhance
Image proccess [enhance]  step 0 success
processing despeckle
Image proccess [despeckle]  step 0 success
processing blur
Image proccess [blur]  step 0 success
processing spread
Image proccess [spread]  step 0 success
processing flop
Image proccess [flop]  step 0 success
processing noise
Image proccess [noise] setp 1 fails:
Error: Command failed: gm convert: Option '-noise' requires an argument or argument is malformed.

processing blur
Image proccess [blur]  step 0 success
processing noise
Image proccess [noise]  step 1 success
processing blur
Image proccess [blur]  step 0 success
format undefined not found will be used px
width: 100 height: 100 format: null
Image proccess [resize]  step 2 success
processing noise
Image proccess [noise]  step 1 success
processing blur
Image proccess [blur]  step 0 success
format undefined not found will be used px
width: 300 height: 300 format: null
Image proccess [resize]  step 3 success
processing noise
Image proccess [noise]  step 2 success
processing charcoal
Image proccess [charcoal]  step 1 success
processing blur
Image proccess [blur]  step 0 success
format undefined not found will be used px
width: 300 height: 300 format: null
Image proccess [resize]  step 3 success
processing noise
Image proccess [noise]  step 2 success
processing charcoal
Image proccess [charcoal]  step 1 success
processing blur
Image proccess [blur]  step 0 success
